<?xml version="1.0" encoding="UTF-8"?>
<testng-results ignored="0" total="1" passed="1" failed="0" skipped="0">
  <reporter-output>
  </reporter-output>
  <suite started-at="2021-12-12T19:24:58 BDT" name="Default suite" finished-at="2021-12-12T19:24:58 BDT" duration-ms="53">
    <groups>
    </groups>
    <test started-at="2021-12-12T19:24:58 BDT" name="Default test" finished-at="2021-12-12T19:24:58 BDT" duration-ms="53">
      <class name="DataDrivenTest.Get_Post_HashMap$GetAndPostExamples">
        <test-method signature="postTest()[pri:0, instance:DataDrivenTest.Get_Post_HashMap$GetAndPostExamples@610f7aa]" started-at="2021-12-12T19:24:58 BDT" name="postTest" finished-at="2021-12-12T19:24:58 BDT" duration-ms="9" status="PASS">
          <reporter-output>
          </reporter-output>
        </test-method> <!-- postTest -->
      </class> <!-- DataDrivenTest.Get_Post_HashMap$GetAndPostExamples -->
    </test> <!-- Default test -->
  </suite> <!-- Default suite -->
</testng-results>
